INFO: [VRFC 10-163] Analyzing VHDL file "/tp/xph3seo/xph3seo506/quark_IP/quark_IP.srcs/sources_1/imports/new/quark_hash.vhd" into library xil_defaultlib
INFO: [VRFC 10-307] analyzing entity quark_hash
INFO: [VRFC 10-163] Analyzing VHDL file "/tp/xph3seo/xph3seo506/quark_IP/quark_IP.srcs/sources_1/new/quark_initialize.vhd" into library xil_defaultlib
INFO: [VRFC 10-307] analyzing entity quark_initialize
INFO: [VRFC 10-163] Analyzing VHDL file "/tp/xph3seo/xph3seo506/quark_IP/quark_IP.srcs/sim_1/new/tb_top_level.vhd" into library xil_defaultlib
INFO: [VRFC 10-307] analyzing entity tb_top_level
INFO: [VRFC 10-163] Analyzing VHDL file "/tp/xph3seo/xph3seo506/quark_IP/quark_IP.srcs/sources_1/imports/new/quark_hash.vhd" into library xil_defaultlib
INFO: [VRFC 10-307] analyzing entity quark_hash
INFO: [VRFC 10-163] Analyzing VHDL file "/tp/xph3seo/xph3seo506/quark_IP/quark_IP.srcs/sources_1/new/quark_initialize.vhd" into library xil_defaultlib
INFO: [VRFC 10-307] analyzing entity quark_initialize
INFO: [VRFC 10-163] Analyzing VHDL file "/tp/xph3seo/xph3seo506/quark_IP/quark_IP.srcs/sim_1/new/tb_top_level.vhd" into library xil_defaultlib
INFO: [VRFC 10-307] analyzing entity tb_top_level
INFO: [VRFC 10-163] Analyzing VHDL file "/tp/xph3seo/xph3seo506/quark_IP/quark_IP.srcs/sources_1/imports/new/quark_hash.vhd" into library xil_defaultlib
INFO: [VRFC 10-307] analyzing entity quark_hash
INFO: [VRFC 10-163] Analyzing VHDL file "/tp/xph3seo/xph3seo506/quark_IP/quark_IP.srcs/sources_1/new/quark_initialize.vhd" into library xil_defaultlib
INFO: [VRFC 10-307] analyzing entity quark_initialize
INFO: [VRFC 10-163] Analyzing VHDL file "/tp/xph3seo/xph3seo506/quark_IP/quark_IP.srcs/sim_1/new/tb_top_level.vhd" into library xil_defaultlib
INFO: [VRFC 10-307] analyzing entity tb_top_level
INFO: [VRFC 10-163] Analyzing VHDL file "/tp/xph3seo/xph3seo506/quark_IP/quark_IP.srcs/sources_1/imports/new/quark_hash.vhd" into library xil_defaultlib
INFO: [VRFC 10-307] analyzing entity quark_hash
INFO: [VRFC 10-163] Analyzing VHDL file "/tp/xph3seo/xph3seo506/quark_IP/quark_IP.srcs/sources_1/new/quark_initialize.vhd" into library xil_defaultlib
INFO: [VRFC 10-307] analyzing entity quark_initialize
INFO: [VRFC 10-163] Analyzing VHDL file "/tp/xph3seo/xph3seo506/quark_IP/quark_IP.srcs/sim_1/new/tb_top_level.vhd" into library xil_defaultlib
INFO: [VRFC 10-307] analyzing entity tb_top_level
INFO: [VRFC 10-163] Analyzing VHDL file "/tp/xph3seo/xph3seo506/quark_IP/quark_IP.srcs/sources_1/imports/new/quark_hash.vhd" into library xil_defaultlib
INFO: [VRFC 10-307] analyzing entity quark_hash
INFO: [VRFC 10-163] Analyzing VHDL file "/tp/xph3seo/xph3seo506/quark_IP/quark_IP.srcs/sources_1/new/quark_initialize.vhd" into library xil_defaultlib
INFO: [VRFC 10-307] analyzing entity quark_initialize
INFO: [VRFC 10-163] Analyzing VHDL file "/tp/xph3seo/xph3seo506/quark_IP/quark_IP.srcs/sim_1/new/tb_top_level.vhd" into library xil_defaultlib
INFO: [VRFC 10-307] analyzing entity tb_top_level
INFO: [VRFC 10-163] Analyzing VHDL file "/tp/xph3seo/xph3seo506/quark_IP/quark_IP.srcs/sources_1/imports/new/quark_hash.vhd" into library xil_defaultlib
INFO: [VRFC 10-307] analyzing entity quark_hash
INFO: [VRFC 10-163] Analyzing VHDL file "/tp/xph3seo/xph3seo506/quark_IP/quark_IP.srcs/sources_1/new/quark_initialize.vhd" into library xil_defaultlib
INFO: [VRFC 10-307] analyzing entity quark_initialize
INFO: [VRFC 10-163] Analyzing VHDL file "/tp/xph3seo/xph3seo506/quark_IP/quark_IP.srcs/sim_1/new/tb_top_level.vhd" into library xil_defaultlib
INFO: [VRFC 10-307] analyzing entity tb_top_level
INFO: [VRFC 10-163] Analyzing VHDL file "/tp/xph3seo/xph3seo506/quark_IP/quark_IP.srcs/sources_1/imports/new/quark_hash.vhd" into library xil_defaultlib
INFO: [VRFC 10-307] analyzing entity quark_hash
INFO: [VRFC 10-163] Analyzing VHDL file "/tp/xph3seo/xph3seo506/quark_IP/quark_IP.srcs/sources_1/new/quark_initialize.vhd" into library xil_defaultlib
INFO: [VRFC 10-307] analyzing entity quark_initialize
INFO: [VRFC 10-163] Analyzing VHDL file "/tp/xph3seo/xph3seo506/quark_IP/quark_IP.srcs/sim_1/new/tb_top_level.vhd" into library xil_defaultlib
INFO: [VRFC 10-307] analyzing entity tb_top_level
INFO: [VRFC 10-163] Analyzing VHDL file "/tp/xph3seo/xph3seo506/quark_IP/quark_IP.srcs/sources_1/imports/new/quark_hash.vhd" into library xil_defaultlib
INFO: [VRFC 10-307] analyzing entity quark_hash
INFO: [VRFC 10-163] Analyzing VHDL file "/tp/xph3seo/xph3seo506/quark_IP/quark_IP.srcs/sources_1/new/quark_initialize.vhd" into library xil_defaultlib
INFO: [VRFC 10-307] analyzing entity quark_initialize
INFO: [VRFC 10-163] Analyzing VHDL file "/tp/xph3seo/xph3seo506/quark_IP/quark_IP.srcs/sim_1/new/tb_top_level.vhd" into library xil_defaultlib
INFO: [VRFC 10-307] analyzing entity tb_top_level
INFO: [VRFC 10-163] Analyzing VHDL file "/tp/xph3seo/xph3seo506/quark_IP/quark_IP.srcs/sources_1/imports/new/quark_hash.vhd" into library xil_defaultlib
INFO: [VRFC 10-307] analyzing entity quark_hash
INFO: [VRFC 10-163] Analyzing VHDL file "/tp/xph3seo/xph3seo506/quark_IP/quark_IP.srcs/sources_1/new/quark_initialize.vhd" into library xil_defaultlib
INFO: [VRFC 10-307] analyzing entity quark_initialize
INFO: [VRFC 10-163] Analyzing VHDL file "/tp/xph3seo/xph3seo506/quark_IP/quark_IP.srcs/sim_1/new/tb_top_level.vhd" into library xil_defaultlib
INFO: [VRFC 10-307] analyzing entity tb_top_level
INFO: [VRFC 10-163] Analyzing VHDL file "/tp/xph3seo/xph3seo506/quark_IP/quark_IP.srcs/sources_1/imports/new/quark_hash.vhd" into library xil_defaultlib
INFO: [VRFC 10-307] analyzing entity quark_hash
INFO: [VRFC 10-163] Analyzing VHDL file "/tp/xph3seo/xph3seo506/quark_IP/quark_IP.srcs/sources_1/new/quark_initialize.vhd" into library xil_defaultlib
INFO: [VRFC 10-307] analyzing entity quark_initialize
INFO: [VRFC 10-163] Analyzing VHDL file "/tp/xph3seo/xph3seo506/quark_IP/quark_IP.srcs/sim_1/new/tb_top_level.vhd" into library xil_defaultlib
INFO: [VRFC 10-307] analyzing entity tb_top_level
INFO: [VRFC 10-163] Analyzing VHDL file "/tp/xph3seo/xph3seo506/quark_IP/quark_IP.srcs/sources_1/imports/new/quark_hash.vhd" into library xil_defaultlib
INFO: [VRFC 10-307] analyzing entity quark_hash
INFO: [VRFC 10-163] Analyzing VHDL file "/tp/xph3seo/xph3seo506/quark_IP/quark_IP.srcs/sources_1/new/quark_initialize.vhd" into library xil_defaultlib
INFO: [VRFC 10-307] analyzing entity quark_initialize
INFO: [VRFC 10-163] Analyzing VHDL file "/tp/xph3seo/xph3seo506/quark_IP/quark_IP.srcs/sim_1/new/tb_top_level.vhd" into library xil_defaultlib
INFO: [VRFC 10-307] analyzing entity tb_top_level
INFO: [VRFC 10-163] Analyzing VHDL file "/tp/xph3seo/xph3seo506/quark_IP/quark_IP.srcs/sources_1/imports/new/quark_hash.vhd" into library xil_defaultlib
INFO: [VRFC 10-307] analyzing entity quark_hash
INFO: [VRFC 10-163] Analyzing VHDL file "/tp/xph3seo/xph3seo506/quark_IP/quark_IP.srcs/sources_1/new/quark_initialize.vhd" into library xil_defaultlib
INFO: [VRFC 10-307] analyzing entity quark_initialize
INFO: [VRFC 10-163] Analyzing VHDL file "/tp/xph3seo/xph3seo506/quark_IP/quark_IP.srcs/sim_1/new/tb_top_level.vhd" into library xil_defaultlib
INFO: [VRFC 10-307] analyzing entity tb_top_level
INFO: [VRFC 10-163] Analyzing VHDL file "/tp/xph3seo/xph3seo506/quark_IP/quark_IP.srcs/sources_1/imports/new/quark_hash.vhd" into library xil_defaultlib
INFO: [VRFC 10-307] analyzing entity quark_hash
INFO: [VRFC 10-163] Analyzing VHDL file "/tp/xph3seo/xph3seo506/quark_IP/quark_IP.srcs/sources_1/new/quark_initialize.vhd" into library xil_defaultlib
INFO: [VRFC 10-307] analyzing entity quark_initialize
INFO: [VRFC 10-163] Analyzing VHDL file "/tp/xph3seo/xph3seo506/quark_IP/quark_IP.srcs/sim_1/new/tb_top_level.vhd" into library xil_defaultlib
INFO: [VRFC 10-307] analyzing entity tb_top_level
INFO: [VRFC 10-163] Analyzing VHDL file "/tp/xph3seo/xph3seo506/quark_IP/quark_IP.srcs/sources_1/imports/new/quark_hash.vhd" into library xil_defaultlib
INFO: [VRFC 10-307] analyzing entity quark_hash
INFO: [VRFC 10-163] Analyzing VHDL file "/tp/xph3seo/xph3seo506/quark_IP/quark_IP.srcs/sources_1/new/quark_initialize.vhd" into library xil_defaultlib
INFO: [VRFC 10-307] analyzing entity quark_initialize
INFO: [VRFC 10-163] Analyzing VHDL file "/tp/xph3seo/xph3seo506/quark_IP/quark_IP.srcs/sim_1/new/tb_top_level.vhd" into library xil_defaultlib
INFO: [VRFC 10-307] analyzing entity tb_top_level
INFO: [VRFC 10-163] Analyzing VHDL file "/tp/xph3seo/xph3seo506/quark_IP/quark_IP.srcs/sources_1/imports/new/quark_hash.vhd" into library xil_defaultlib
INFO: [VRFC 10-307] analyzing entity quark_hash
INFO: [VRFC 10-163] Analyzing VHDL file "/tp/xph3seo/xph3seo506/quark_IP/quark_IP.srcs/sources_1/new/quark_initialize.vhd" into library xil_defaultlib
INFO: [VRFC 10-307] analyzing entity quark_initialize
INFO: [VRFC 10-163] Analyzing VHDL file "/tp/xph3seo/xph3seo506/quark_IP/quark_IP.srcs/sim_1/new/tb_top_level.vhd" into library xil_defaultlib
INFO: [VRFC 10-307] analyzing entity tb_top_level
